<?xml version="1.0" encoding="UTF-8"?>
<testsuite name="tests.LoginTests" tests="1" skipped="0" failures="0" errors="0" timestamp="2023-07-22T19:11:18" hostname="LAPTOP-QKHLCVKT" time="1.643">
  <properties/>
  <testcase name="loginWrongPassNegativeTest" classname="tests.LoginTests" time="1.643"/>
  <system-out><![CDATA[]]></system-out>
  <system-err><![CDATA[console.warn: LoginRecipes: "Falling back to a synchronous message for: https://ilcarro.web.app."
]]></system-err>
</testsuite>
