<?xml version="1.0" encoding="UTF-8"?>
<testsuite name="tests.RegistrationTests" tests="2" skipped="0" failures="0" errors="0" timestamp="2023-07-22T19:11:27" hostname="LAPTOP-QKHLCVKT" time="4.451">
  <properties/>
  <testcase name="registrationPositive" classname="tests.RegistrationTests" time="1.117"/>
  <testcase name="registrationWrongPasswordNegavite" classname="tests.RegistrationTests" time="0.756"/>
  <system-out><![CDATA[]]></system-out>
  <system-err><![CDATA[console.warn: LoginRecipes: "Falling back to a synchronous message for: https://ilcarro.web.app."
]]></system-err>
</testsuite>
